[0.822s] Invoking command in '/home/dcuestas/ros2_ws/src/my_turtle_controller': PYTHONPATH=/home/dcuestas/ros2_ws/build/my_turtle_controller/prefix_override:/usr/lib/python3/dist-packages/colcon_core/task/python/colcon_distutils_commands:/home/dcuestas/ros2_ws/install/my_turtle_controller/lib/python3.10/site-packages:${PYTHONPATH} /usr/bin/python3 -W ignore:setup.py install is deprecated -W ignore:easy_install command is deprecated setup.py egg_info --egg-base ../../build/my_turtle_controller build --build-base /home/dcuestas/ros2_ws/build/my_turtle_controller/build install --record /home/dcuestas/ros2_ws/build/my_turtle_controller/install.log --single-version-externally-managed install_data
[1.096s] running egg_info
[1.097s] writing ../../build/my_turtle_controller/my_turtle_controller.egg-info/PKG-INFO
[1.099s] writing dependency_links to ../../build/my_turtle_controller/my_turtle_controller.egg-info/dependency_links.txt
[1.100s] writing entry points to ../../build/my_turtle_controller/my_turtle_controller.egg-info/entry_points.txt
[1.100s] writing requirements to ../../build/my_turtle_controller/my_turtle_controller.egg-info/requires.txt
[1.100s] writing top-level names to ../../build/my_turtle_controller/my_turtle_controller.egg-info/top_level.txt
[1.101s] reading manifest file '../../build/my_turtle_controller/my_turtle_controller.egg-info/SOURCES.txt'
[1.102s] writing manifest file '../../build/my_turtle_controller/my_turtle_controller.egg-info/SOURCES.txt'
[1.102s] running build
[1.102s] running build_py
[1.102s] copying my_turtle_controller/move_turtle.py -> /home/dcuestas/ros2_ws/build/my_turtle_controller/build/lib/my_turtle_controller
[1.103s] running install
[1.103s] running install_lib
[1.103s] copying /home/dcuestas/ros2_ws/build/my_turtle_controller/build/lib/my_turtle_controller/move_turtle.py -> /home/dcuestas/ros2_ws/install/my_turtle_controller/lib/python3.10/site-packages/my_turtle_controller
[1.104s] byte-compiling /home/dcuestas/ros2_ws/install/my_turtle_controller/lib/python3.10/site-packages/my_turtle_controller/move_turtle.py to move_turtle.cpython-310.pyc
[1.108s] running install_data
[1.108s] running install_egg_info
[1.111s] removing '/home/dcuestas/ros2_ws/install/my_turtle_controller/lib/python3.10/site-packages/my_turtle_controller-0.0.0-py3.10.egg-info' (and everything under it)
[1.112s] Copying ../../build/my_turtle_controller/my_turtle_controller.egg-info to /home/dcuestas/ros2_ws/install/my_turtle_controller/lib/python3.10/site-packages/my_turtle_controller-0.0.0-py3.10.egg-info
[1.115s] running install_scripts
[1.131s] Installing move_turtle script to /home/dcuestas/ros2_ws/install/my_turtle_controller/lib/my_turtle_controller
[1.132s] writing list of installed files to '/home/dcuestas/ros2_ws/build/my_turtle_controller/install.log'
[1.158s] Invoked command in '/home/dcuestas/ros2_ws/src/my_turtle_controller' returned '0': PYTHONPATH=/home/dcuestas/ros2_ws/build/my_turtle_controller/prefix_override:/usr/lib/python3/dist-packages/colcon_core/task/python/colcon_distutils_commands:/home/dcuestas/ros2_ws/install/my_turtle_controller/lib/python3.10/site-packages:${PYTHONPATH} /usr/bin/python3 -W ignore:setup.py install is deprecated -W ignore:easy_install command is deprecated setup.py egg_info --egg-base ../../build/my_turtle_controller build --build-base /home/dcuestas/ros2_ws/build/my_turtle_controller/build install --record /home/dcuestas/ros2_ws/build/my_turtle_controller/install.log --single-version-externally-managed install_data
