[0.791s] Invoking command in '/home/dcuestas/ros2_ws/src/my_turtle_controller': PYTHONPATH=/home/dcuestas/ros2_ws/build/my_turtle_controller/prefix_override:/usr/lib/python3/dist-packages/colcon_core/task/python/colcon_distutils_commands:/home/dcuestas/ros2_ws/install/my_turtle_controller/lib/python3.10/site-packages:${PYTHONPATH} /usr/bin/python3 -W ignore:setup.py install is deprecated -W ignore:easy_install command is deprecated setup.py egg_info --egg-base ../../build/my_turtle_controller build --build-base /home/dcuestas/ros2_ws/build/my_turtle_controller/build install --record /home/dcuestas/ros2_ws/build/my_turtle_controller/install.log --single-version-externally-managed install_data
[1.069s] running egg_info
[1.069s] creating ../../build/my_turtle_controller/my_turtle_controller.egg-info
[1.069s] writing ../../build/my_turtle_controller/my_turtle_controller.egg-info/PKG-INFO
[1.069s] writing dependency_links to ../../build/my_turtle_controller/my_turtle_controller.egg-info/dependency_links.txt
[1.070s] writing entry points to ../../build/my_turtle_controller/my_turtle_controller.egg-info/entry_points.txt
[1.070s] writing requirements to ../../build/my_turtle_controller/my_turtle_controller.egg-info/requires.txt
[1.070s] writing top-level names to ../../build/my_turtle_controller/my_turtle_controller.egg-info/top_level.txt
[1.070s] writing manifest file '../../build/my_turtle_controller/my_turtle_controller.egg-info/SOURCES.txt'
[1.073s] reading manifest file '../../build/my_turtle_controller/my_turtle_controller.egg-info/SOURCES.txt'
[1.073s] writing manifest file '../../build/my_turtle_controller/my_turtle_controller.egg-info/SOURCES.txt'
[1.074s] running build
[1.074s] running build_py
[1.074s] creating /home/dcuestas/ros2_ws/build/my_turtle_controller/build
[1.074s] creating /home/dcuestas/ros2_ws/build/my_turtle_controller/build/lib
[1.074s] creating /home/dcuestas/ros2_ws/build/my_turtle_controller/build/lib/my_turtle_controller
[1.074s] copying my_turtle_controller/__init__.py -> /home/dcuestas/ros2_ws/build/my_turtle_controller/build/lib/my_turtle_controller
[1.076s] running install
[1.076s] running install_lib
[1.076s] creating /home/dcuestas/ros2_ws/install/my_turtle_controller/lib/python3.10/site-packages/my_turtle_controller
[1.077s] copying /home/dcuestas/ros2_ws/build/my_turtle_controller/build/lib/my_turtle_controller/__init__.py -> /home/dcuestas/ros2_ws/install/my_turtle_controller/lib/python3.10/site-packages/my_turtle_controller
[1.077s] byte-compiling /home/dcuestas/ros2_ws/install/my_turtle_controller/lib/python3.10/site-packages/my_turtle_controller/__init__.py to __init__.cpython-310.pyc
[1.077s] running install_data
[1.077s] creating /home/dcuestas/ros2_ws/install/my_turtle_controller/share/ament_index
[1.077s] creating /home/dcuestas/ros2_ws/install/my_turtle_controller/share/ament_index/resource_index
[1.077s] creating /home/dcuestas/ros2_ws/install/my_turtle_controller/share/ament_index/resource_index/packages
[1.077s] copying resource/my_turtle_controller -> /home/dcuestas/ros2_ws/install/my_turtle_controller/share/ament_index/resource_index/packages
[1.077s] copying package.xml -> /home/dcuestas/ros2_ws/install/my_turtle_controller/share/my_turtle_controller
[1.077s] running install_egg_info
[1.079s] Copying ../../build/my_turtle_controller/my_turtle_controller.egg-info to /home/dcuestas/ros2_ws/install/my_turtle_controller/lib/python3.10/site-packages/my_turtle_controller-0.0.0-py3.10.egg-info
[1.080s] running install_scripts
[1.102s] Installing move_turtle script to /home/dcuestas/ros2_ws/install/my_turtle_controller/lib/my_turtle_controller
[1.102s] writing list of installed files to '/home/dcuestas/ros2_ws/build/my_turtle_controller/install.log'
[1.128s] Invoked command in '/home/dcuestas/ros2_ws/src/my_turtle_controller' returned '0': PYTHONPATH=/home/dcuestas/ros2_ws/build/my_turtle_controller/prefix_override:/usr/lib/python3/dist-packages/colcon_core/task/python/colcon_distutils_commands:/home/dcuestas/ros2_ws/install/my_turtle_controller/lib/python3.10/site-packages:${PYTHONPATH} /usr/bin/python3 -W ignore:setup.py install is deprecated -W ignore:easy_install command is deprecated setup.py egg_info --egg-base ../../build/my_turtle_controller build --build-base /home/dcuestas/ros2_ws/build/my_turtle_controller/build install --record /home/dcuestas/ros2_ws/build/my_turtle_controller/install.log --single-version-externally-managed install_data
